<?xml version="1.0" encoding="UTF-8"?>
<testng-results skipped="0" failed="0" ignored="0" total="1" passed="1">
  <reporter-output>
  </reporter-output>
  <suite name="Default suite" duration-ms="3520" started-at="2022-02-03T09:55:19 PST" finished-at="2022-02-03T09:55:23 PST">
    <groups>
    </groups>
    <test name="Default test" duration-ms="3520" started-at="2022-02-03T09:55:19 PST" finished-at="2022-02-03T09:55:23 PST">
      <class name="com.jacoco.systest.DemoTest">
        <test-method status="PASS" signature="getCatService()[pri:0, instance:com.jacoco.systest.DemoTest@2f943d71]" name="getCatService" duration-ms="3351" started-at="2022-02-03T09:55:20 PST" finished-at="2022-02-03T09:55:23 PST">
          <reporter-output>
          </reporter-output>
        </test-method> <!-- getCatService -->
      </class> <!-- com.jacoco.systest.DemoTest -->
    </test> <!-- Default test -->
  </suite> <!-- Default suite -->
</testng-results>
